2020-02-28T20:03:27.117Z [CustomLogger] error: uncaughtException: Router.use() requires a middleware function but got a Object
TypeError: Router.use() requires a middleware function but got a Object
    at Function.use (C:\Users\user\Desktop\Blog\backend\node_modules\express\lib\router\index.js:458:13)
    at Function.<anonymous> (C:\Users\user\Desktop\Blog\backend\node_modules\express\lib\application.js:220:21)
    at Array.forEach (<anonymous>)
    at Function.use (C:\Users\user\Desktop\Blog\backend\node_modules\express\lib\application.js:217:7)
    at Object.<anonymous> (C:\Users\user\Desktop\Blog\backend\server.js:34:5)
    at Module._compile (internal/modules/cjs/loader.js:955:30)
    at Object.Module._extensions..js (internal/modules/cjs/loader.js:991:10)
    at Module.load (internal/modules/cjs/loader.js:811:32)
    at Function.Module._load (internal/modules/cjs/loader.js:723:14)
    at Function.Module.runMain (internal/modules/cjs/loader.js:1043:10)
    at internal/main/run_main_module.js:17:11
2020-02-28T20:04:40.379Z [CustomLogger] error: uncaughtException: Router.use() requires a middleware function but got a Object
TypeError: Router.use() requires a middleware function but got a Object
    at Function.use (C:\Users\user\Desktop\Blog\backend\node_modules\express\lib\router\index.js:458:13)
    at Function.<anonymous> (C:\Users\user\Desktop\Blog\backend\node_modules\express\lib\application.js:220:21)
    at Array.forEach (<anonymous>)
    at Function.use (C:\Users\user\Desktop\Blog\backend\node_modules\express\lib\application.js:217:7)
    at Object.<anonymous> (C:\Users\user\Desktop\Blog\backend\server.js:34:5)
    at Module._compile (internal/modules/cjs/loader.js:955:30)
    at Object.Module._extensions..js (internal/modules/cjs/loader.js:991:10)
    at Module.load (internal/modules/cjs/loader.js:811:32)
    at Function.Module._load (internal/modules/cjs/loader.js:723:14)
    at Function.Module.runMain (internal/modules/cjs/loader.js:1043:10)
    at internal/main/run_main_module.js:17:11
2020-02-28T20:06:17.034Z [CustomLogger] error: uncaughtException: Router.use() requires a middleware function but got a Object
TypeError: Router.use() requires a middleware function but got a Object
    at Function.use (C:\Users\user\Desktop\Blog\backend\node_modules\express\lib\router\index.js:458:13)
    at Function.<anonymous> (C:\Users\user\Desktop\Blog\backend\node_modules\express\lib\application.js:220:21)
    at Array.forEach (<anonymous>)
    at Function.use (C:\Users\user\Desktop\Blog\backend\node_modules\express\lib\application.js:217:7)
    at Object.<anonymous> (C:\Users\user\Desktop\Blog\backend\server.js:34:5)
    at Module._compile (internal/modules/cjs/loader.js:955:30)
    at Object.Module._extensions..js (internal/modules/cjs/loader.js:991:10)
    at Module.load (internal/modules/cjs/loader.js:811:32)
    at Function.Module._load (internal/modules/cjs/loader.js:723:14)
    at Function.Module.runMain (internal/modules/cjs/loader.js:1043:10)
    at internal/main/run_main_module.js:17:11
2020-02-28T20:07:09.632Z [CustomLogger] error: uncaughtException: Router.use() requires a middleware function but got a Object
TypeError: Router.use() requires a middleware function but got a Object
    at Function.use (C:\Users\user\Desktop\Blog\backend\node_modules\express\lib\router\index.js:458:13)
    at Function.<anonymous> (C:\Users\user\Desktop\Blog\backend\node_modules\express\lib\application.js:220:21)
    at Array.forEach (<anonymous>)
    at Function.use (C:\Users\user\Desktop\Blog\backend\node_modules\express\lib\application.js:217:7)
    at Object.<anonymous> (C:\Users\user\Desktop\Blog\backend\server.js:35:5)
    at Module._compile (internal/modules/cjs/loader.js:955:30)
    at Object.Module._extensions..js (internal/modules/cjs/loader.js:991:10)
    at Module.load (internal/modules/cjs/loader.js:811:32)
    at Function.Module._load (internal/modules/cjs/loader.js:723:14)
    at Function.Module.runMain (internal/modules/cjs/loader.js:1043:10)
    at internal/main/run_main_module.js:17:11
2020-02-28T20:07:21.095Z [CustomLogger] error: uncaughtException: Router.use() requires a middleware function but got a Object
TypeError: Router.use() requires a middleware function but got a Object
    at Function.use (C:\Users\user\Desktop\Blog\backend\node_modules\express\lib\router\index.js:458:13)
    at Function.<anonymous> (C:\Users\user\Desktop\Blog\backend\node_modules\express\lib\application.js:220:21)
    at Array.forEach (<anonymous>)
    at Function.use (C:\Users\user\Desktop\Blog\backend\node_modules\express\lib\application.js:217:7)
    at Object.<anonymous> (C:\Users\user\Desktop\Blog\backend\server.js:35:5)
    at Module._compile (internal/modules/cjs/loader.js:955:30)
    at Object.Module._extensions..js (internal/modules/cjs/loader.js:991:10)
    at Module.load (internal/modules/cjs/loader.js:811:32)
    at Function.Module._load (internal/modules/cjs/loader.js:723:14)
    at Function.Module.runMain (internal/modules/cjs/loader.js:1043:10)
    at internal/main/run_main_module.js:17:11
2020-03-03T09:25:41.898Z [CustomLogger] error: uncaughtException: helmet is not defined
ReferenceError: helmet is not defined
    at Object.<anonymous> (C:\Users\user\Desktop\Blog\backend\server.js:35:5)
    at Module._compile (internal/modules/cjs/loader.js:955:30)
    at Object.Module._extensions..js (internal/modules/cjs/loader.js:991:10)
    at Module.load (internal/modules/cjs/loader.js:811:32)
    at Function.Module._load (internal/modules/cjs/loader.js:723:14)
    at Function.Module.runMain (internal/modules/cjs/loader.js:1043:10)
    at internal/main/run_main_module.js:17:11
2020-03-08T13:28:27.555Z [CustomLogger] error: uncaughtException: result is not defined
ReferenceError: result is not defined
    at C:\Users\user\Desktop\Blog\backend\controllers\blog.js:79:9
    at IncomingForm.<anonymous> (C:\Users\user\Desktop\Blog\backend\node_modules\formidable\lib\incoming_form.js:107:9)
    at IncomingForm.emit (events.js:223:5)
    at IncomingForm._maybeEnd (C:\Users\user\Desktop\Blog\backend\node_modules\formidable\lib\incoming_form.js:557:8)
    at C:\Users\user\Desktop\Blog\backend\node_modules\formidable\lib\incoming_form.js:238:12
    at WriteStream.<anonymous> (C:\Users\user\Desktop\Blog\backend\node_modules\formidable\lib\file.js:79:5)
    at Object.onceWrapper (events.js:312:28)
    at WriteStream.emit (events.js:223:5)
    at finishMaybe (_stream_writable.js:681:14)
    at _stream_writable.js:658:5
    at WriteStream._final (internal/fs/streams.js:285:3)
    at callFinal (_stream_writable.js:651:10)
    at processTicksAndRejections (internal/process/task_queues.js:81:21)
2020-03-08T14:34:57.957Z [CustomLogger] error: uncaughtException: blog.save is not a function
TypeError: blog.save is not a function
    at saveBlog (C:\Users\user\Desktop\Blog\backend\controllers\blog.js:14:6)
    at C:\Users\user\Desktop\Blog\backend\controllers\blog.js:114:7
    at IncomingForm.<anonymous> (C:\Users\user\Desktop\Blog\backend\node_modules\formidable\lib\incoming_form.js:107:9)
    at IncomingForm.emit (events.js:223:5)
    at IncomingForm._maybeEnd (C:\Users\user\Desktop\Blog\backend\node_modules\formidable\lib\incoming_form.js:557:8)
    at MultipartParser.parser.onEnd (C:\Users\user\Desktop\Blog\backend\node_modules\formidable\lib\incoming_form.js:426:10)
    at callback (C:\Users\user\Desktop\Blog\backend\node_modules\formidable\lib\multipart_parser.js:102:31)
    at MultipartParser.write (C:\Users\user\Desktop\Blog\backend\node_modules\formidable\lib\multipart_parser.js:268:15)
    at IncomingForm.write (C:\Users\user\Desktop\Blog\backend\node_modules\formidable\lib\incoming_form.js:159:34)
    at IncomingMessage.<anonymous> (C:\Users\user\Desktop\Blog\backend\node_modules\formidable\lib\incoming_form.js:125:12)
    at IncomingMessage.emit (events.js:223:5)
    at IncomingMessage.Readable.read (_stream_readable.js:526:10)
    at flow (_stream_readable.js:1001:34)
    at resume_ (_stream_readable.js:982:3)
    at processTicksAndRejections (internal/process/task_queues.js:81:21)
2020-03-08T14:37:57.194Z [CustomLogger] error: uncaughtException: saveBlog(...) is not a function
TypeError: saveBlog(...) is not a function
    at C:\Users\user\Desktop\Blog\backend\controllers\blog.js:113:8
    at IncomingForm.<anonymous> (C:\Users\user\Desktop\Blog\backend\node_modules\formidable\lib\incoming_form.js:107:9)
    at IncomingForm.emit (events.js:223:5)
    at IncomingForm._maybeEnd (C:\Users\user\Desktop\Blog\backend\node_modules\formidable\lib\incoming_form.js:557:8)
    at C:\Users\user\Desktop\Blog\backend\node_modules\formidable\lib\incoming_form.js:238:12
    at WriteStream.<anonymous> (C:\Users\user\Desktop\Blog\backend\node_modules\formidable\lib\file.js:79:5)
    at Object.onceWrapper (events.js:312:28)
    at WriteStream.emit (events.js:223:5)
    at finishMaybe (_stream_writable.js:681:14)
    at _stream_writable.js:658:5
    at WriteStream._final (internal/fs/streams.js:285:3)
    at callFinal (_stream_writable.js:651:10)
    at processTicksAndRejections (internal/process/task_queues.js:81:21)
2020-03-08T15:03:26.167Z [CustomLogger] error: uncaughtException: oldBlog is not defined
ReferenceError: oldBlog is not defined
    at C:\Users\user\Desktop\Blog\backend\controllers\blog.js:96:7
    at IncomingForm.<anonymous> (C:\Users\user\Desktop\Blog\backend\node_modules\formidable\lib\incoming_form.js:107:9)
    at IncomingForm.emit (events.js:223:5)
    at IncomingForm._maybeEnd (C:\Users\user\Desktop\Blog\backend\node_modules\formidable\lib\incoming_form.js:557:8)
    at C:\Users\user\Desktop\Blog\backend\node_modules\formidable\lib\incoming_form.js:238:12
    at WriteStream.<anonymous> (C:\Users\user\Desktop\Blog\backend\node_modules\formidable\lib\file.js:79:5)
    at Object.onceWrapper (events.js:312:28)
    at WriteStream.emit (events.js:223:5)
    at finishMaybe (_stream_writable.js:681:14)
    at _stream_writable.js:658:5
    at WriteStream._final (internal/fs/streams.js:285:3)
    at callFinal (_stream_writable.js:651:10)
    at processTicksAndRejections (internal/process/task_queues.js:81:21)
2020-03-09T15:07:04.820Z [CustomLogger] error: uncaughtException: file is not defined
ReferenceError: file is not defined
    at C:\Users\user\Desktop\Blog\backend\controllers\blog.js:215:48
    at IncomingForm.<anonymous> (C:\Users\user\Desktop\Blog\backend\node_modules\formidable\lib\incoming_form.js:107:9)
    at IncomingForm.emit (events.js:223:5)
    at IncomingForm._maybeEnd (C:\Users\user\Desktop\Blog\backend\node_modules\formidable\lib\incoming_form.js:557:8)
    at C:\Users\user\Desktop\Blog\backend\node_modules\formidable\lib\incoming_form.js:238:12
    at WriteStream.<anonymous> (C:\Users\user\Desktop\Blog\backend\node_modules\formidable\lib\file.js:79:5)
    at Object.onceWrapper (events.js:312:28)
    at WriteStream.emit (events.js:223:5)
    at finishMaybe (_stream_writable.js:681:14)
    at _stream_writable.js:658:5
    at WriteStream._final (internal/fs/streams.js:285:3)
    at callFinal (_stream_writable.js:651:10)
    at processTicksAndRejections (internal/process/task_queues.js:81:21)
2020-03-11T06:00:40.270Z [CustomLogger] error: uncaughtException: Cannot read property 'length' of undefined
TypeError: Cannot read property 'length' of undefined
    at C:\Users\user\Desktop\Blog\backend\controllers\blog.js:29:32
    at IncomingForm.<anonymous> (C:\Users\user\Desktop\Blog\backend\node_modules\formidable\lib\incoming_form.js:107:9)
    at IncomingForm.emit (events.js:223:5)
    at IncomingForm._maybeEnd (C:\Users\user\Desktop\Blog\backend\node_modules\formidable\lib\incoming_form.js:557:8)
    at C:\Users\user\Desktop\Blog\backend\node_modules\formidable\lib\incoming_form.js:238:12
    at WriteStream.<anonymous> (C:\Users\user\Desktop\Blog\backend\node_modules\formidable\lib\file.js:79:5)
    at Object.onceWrapper (events.js:312:28)
    at WriteStream.emit (events.js:223:5)
    at finishMaybe (_stream_writable.js:681:14)
    at _stream_writable.js:658:5
    at WriteStream._final (internal/fs/streams.js:285:3)
    at callFinal (_stream_writable.js:651:10)
    at processTicksAndRejections (internal/process/task_queues.js:81:21)
2020-03-14T08:57:13.388Z [CustomLogger] error: uncaughtException: multer is not defined
ReferenceError: multer is not defined
    at Object.<anonymous> (C:\Users\user\Desktop\Blog\backend\server.js:54:17)
    at Module._compile (internal/modules/cjs/loader.js:955:30)
    at Object.Module._extensions..js (internal/modules/cjs/loader.js:991:10)
    at Module.load (internal/modules/cjs/loader.js:811:32)
    at Function.Module._load (internal/modules/cjs/loader.js:723:14)
    at Function.Module.runMain (internal/modules/cjs/loader.js:1043:10)
    at internal/main/run_main_module.js:17:11
2020-03-14T10:59:32.339Z [CustomLogger] error: uncaughtException: ex is not defined
ReferenceError: ex is not defined
    at Object.<anonymous> (C:\Users\user\Desktop\Blog\backend\server.js:41:9)
    at Module._compile (internal/modules/cjs/loader.js:955:30)
    at Object.Module._extensions..js (internal/modules/cjs/loader.js:991:10)
    at Module.load (internal/modules/cjs/loader.js:811:32)
    at Function.Module._load (internal/modules/cjs/loader.js:723:14)
    at Function.Module.runMain (internal/modules/cjs/loader.js:1043:10)
    at internal/main/run_main_module.js:17:11
2020-03-14T10:59:37.103Z [CustomLogger] error: uncaughtException: Most middleware (like bodyParser) is no longer bundled with Express and must be installed separately. Please see https://github.com/senchalabs/connect#middleware.
Error: Most middleware (like bodyParser) is no longer bundled with Express and must be installed separately. Please see https://github.com/senchalabs/connect#middleware.
    at Function.get (C:\Users\user\Desktop\Blog\backend\node_modules\express\lib\express.js:112:13)
    at Object.<anonymous> (C:\Users\user\Desktop\Blog\backend\server.js:41:17)
    at Module._compile (internal/modules/cjs/loader.js:955:30)
    at Object.Module._extensions..js (internal/modules/cjs/loader.js:991:10)
    at Module.load (internal/modules/cjs/loader.js:811:32)
    at Function.Module._load (internal/modules/cjs/loader.js:723:14)
    at Function.Module.runMain (internal/modules/cjs/loader.js:1043:10)
    at internal/main/run_main_module.js:17:11
2020-03-14T10:59:39.366Z [CustomLogger] error: uncaughtException: Most middleware (like bodyParser) is no longer bundled with Express and must be installed separately. Please see https://github.com/senchalabs/connect#middleware.
Error: Most middleware (like bodyParser) is no longer bundled with Express and must be installed separately. Please see https://github.com/senchalabs/connect#middleware.
    at Function.get (C:\Users\user\Desktop\Blog\backend\node_modules\express\lib\express.js:112:13)
    at Object.<anonymous> (C:\Users\user\Desktop\Blog\backend\server.js:41:17)
    at Module._compile (internal/modules/cjs/loader.js:955:30)
    at Object.Module._extensions..js (internal/modules/cjs/loader.js:991:10)
    at Module.load (internal/modules/cjs/loader.js:811:32)
    at Function.Module._load (internal/modules/cjs/loader.js:723:14)
    at Function.Module.runMain (internal/modules/cjs/loader.js:1043:10)
    at internal/main/run_main_module.js:17:11
2020-03-14T10:59:42.372Z [CustomLogger] error: uncaughtException: ex is not defined
ReferenceError: ex is not defined
    at Object.<anonymous> (C:\Users\user\Desktop\Blog\backend\server.js:41:9)
    at Module._compile (internal/modules/cjs/loader.js:955:30)
    at Object.Module._extensions..js (internal/modules/cjs/loader.js:991:10)
    at Module.load (internal/modules/cjs/loader.js:811:32)
    at Function.Module._load (internal/modules/cjs/loader.js:723:14)
    at Function.Module.runMain (internal/modules/cjs/loader.js:1043:10)
    at internal/main/run_main_module.js:17:11
2020-03-14T10:59:47.259Z [CustomLogger] error: uncaughtException: app.use() requires a middleware function
TypeError: app.use() requires a middleware function
    at Function.use (C:\Users\user\Desktop\Blog\backend\node_modules\express\lib\application.js:210:11)
    at Object.<anonymous> (C:\Users\user\Desktop\Blog\backend\server.js:41:5)
    at Module._compile (internal/modules/cjs/loader.js:955:30)
    at Object.Module._extensions..js (internal/modules/cjs/loader.js:991:10)
    at Module.load (internal/modules/cjs/loader.js:811:32)
    at Function.Module._load (internal/modules/cjs/loader.js:723:14)
    at Function.Module.runMain (internal/modules/cjs/loader.js:1043:10)
    at internal/main/run_main_module.js:17:11
